<?xml version="1.0" encoding="UTF-8"?>
<!-- Generated by org.testng.reporters.JUnitReportReporter -->
<testsuite skipped="0" hostname="JCPSI92RGPH2" name="Academy.demo" tests="1" failures="0" timestamp="26 Jul 2020 11:31:04 GMT" time="0.023" errors="0">
  <testcase name="demo1" time="0.023" classname="Academy.demo"/>
</testsuite> <!-- Academy.demo -->
